<?xml version="1.0" encoding="UTF-8"?>
<testsuite name="com.bridgelabz.uservalidation.UserRegistrationTest" tests="6" skipped="0" failures="0" errors="0" timestamp="2021-05-29T11:42:28" hostname="DESKTOP-I19OHT9" time="0.301">
  <properties/>
  <testcase name="givenLastName_whenInvalid_returnFalse" classname="com.bridgelabz.uservalidation.UserRegistrationTest" time="0.019"/>
  <testcase name="givenLastName_whenShort_returnFalse" classname="com.bridgelabz.uservalidation.UserRegistrationTest" time="0.001"/>
  <testcase name="givenFirstName_whenProper_returnTrue" classname="com.bridgelabz.uservalidation.UserRegistrationTest" time="0.007"/>
  <testcase name="givenLastName_whenProper_returnTrue" classname="com.bridgelabz.uservalidation.UserRegistrationTest" time="0.001"/>
  <testcase name="givenFirstName_whenInvalid_returnFalse" classname="com.bridgelabz.uservalidation.UserRegistrationTest" time="0.263"/>
  <testcase name="givenFirstName_whenShort_returnFalse" classname="com.bridgelabz.uservalidation.UserRegistrationTest" time="0.002"/>
  <system-out><![CDATA[]]></system-out>
  <system-err><![CDATA[]]></system-err>
</testsuite>
