<?xml version="1.0" encoding="UTF-8"?>
<testsuite name="com.bridgelabz.uservalidation.PasswordValidator" tests="3" skipped="0" failures="0" errors="0" timestamp="2021-05-30T06:13:40" hostname="DESKTOP-I19OHT9" time="0.006">
  <properties/>
  <testcase name="givenPassword_when1Numeric_returnTrue" classname="com.bridgelabz.uservalidation.PasswordValidator" time="0.003"/>
  <testcase name="givenPassword_whenMinimum8Characters_returnTrue" classname="com.bridgelabz.uservalidation.PasswordValidator" time="0.0"/>
  <testcase name="givenPassword_when1UpperCase_returnTrue" classname="com.bridgelabz.uservalidation.PasswordValidator" time="0.001"/>
  <system-out><![CDATA[Password : faIz@378
Password : faiZ@178
Password : faIZ@278
]]></system-out>
  <system-err><![CDATA[]]></system-err>
</testsuite>
