<?xml version="1.0" encoding="UTF-8"?>
<testsuite name="com.bridgelabz.uservalidation.PasswordValidator" tests="4" skipped="0" failures="0" errors="0" timestamp="2021-05-31T18:13:36" hostname="DESKTOP-I19OHT9" time="0.041">
  <properties/>
  <testcase name="givenPassword_when1Numeric_returnTrue" classname="com.bridgelabz.uservalidation.PasswordValidator" time="0.007"/>
  <testcase name="givenPassword_whenExactly1SpecialCharacter_returnTrue" classname="com.bridgelabz.uservalidation.PasswordValidator" time="0.02"/>
  <testcase name="givenPassword_whenMinimum8Characters_returnTrue" classname="com.bridgelabz.uservalidation.PasswordValidator" time="0.002"/>
  <testcase name="givenPassword_when1UpperCase_returnTrue" classname="com.bridgelabz.uservalidation.PasswordValidator" time="0.006"/>
  <system-out><![CDATA[Password : faIz@378
Happy
Password : fa$Iz&@378
Sad
Password : faiZ@178
Happy
Password : faIZ@178
Happy
]]></system-out>
  <system-err><![CDATA[]]></system-err>
</testsuite>
