<?xml version="1.0" encoding="UTF-8"?>
<testsuite name="com.bridgelabz.uservalidation.EmailValidator" tests="4" skipped="0" failures="0" errors="0" timestamp="2021-05-30T05:59:11" hostname="DESKTOP-I19OHT9" time="0.035">
  <properties/>
  <testcase name="emailChecker[0]" classname="com.bridgelabz.uservalidation.EmailValidator" time="0.025"/>
  <testcase name="emailChecker[1]" classname="com.bridgelabz.uservalidation.EmailValidator" time="0.003"/>
  <testcase name="emailChecker[2]" classname="com.bridgelabz.uservalidation.EmailValidator" time="0.002"/>
  <testcase name="emailChecker[3]" classname="com.bridgelabz.uservalidation.EmailValidator" time="0.001"/>
  <system-out><![CDATA[email ids -->abc@yahoo.com
email ids -->abc-100@yahoo.com
email ids -->abc123@.com
email ids -->abc123@.com.com
]]></system-out>
  <system-err><![CDATA[]]></system-err>
</testsuite>
