<?xml version="1.0" encoding="UTF-8"?>
<testsuite name="com.bridgelabz.uservalidation.PasswordValidator" tests="2" skipped="0" failures="0" errors="0" timestamp="2021-05-29T16:24:57" hostname="DESKTOP-I19OHT9" time="0.027">
  <properties/>
  <testcase name="givenPassword_whenMinimum8Characters_returnTrue" classname="com.bridgelabz.uservalidation.PasswordValidator" time="0.026"/>
  <testcase name="givenPassword_when1UpperCase_returnTrue" classname="com.bridgelabz.uservalidation.PasswordValidator" time="0.001"/>
  <system-out><![CDATA[Password : faiZ@a78
Password : faIz@a78
]]></system-out>
  <system-err><![CDATA[]]></system-err>
</testsuite>
