<?xml version="1.0" encoding="UTF-8"?>
<testsuite name="com.bridgelabz.uservalidation.PasswordValidator" tests="5" skipped="0" failures="0" errors="0" timestamp="2021-06-02T18:46:05" hostname="DESKTOP-I19OHT9" time="0.062">
  <properties/>
  <testcase name="givenPassword_when1Numeric_returnTrue" classname="com.bridgelabz.uservalidation.PasswordValidator" time="0.042"/>
  <testcase name="givenPassword_whenNull_shouldThrowInvalidMoodException" classname="com.bridgelabz.uservalidation.PasswordValidator" time="0.004"/>
  <testcase name="givenPassword_whenExactly1SpecialCharacter_returnTrue" classname="com.bridgelabz.uservalidation.PasswordValidator" time="0.004"/>
  <testcase name="givenPassword_whenMinimum8Characters_returnTrue" classname="com.bridgelabz.uservalidation.PasswordValidator" time="0.003"/>
  <testcase name="givenPassword_when1UpperCase_returnTrue" classname="com.bridgelabz.uservalidation.PasswordValidator" time="0.002"/>
  <system-out><![CDATA[Password : Faez@378
Password : null
Password : Faiz@378
Password : faiZ@178
Password : faIZ@178
]]></system-out>
  <system-err><![CDATA[]]></system-err>
</testsuite>
