<?xml version="1.0" encoding="UTF-8"?>
<testsuite name="com.bridgelabz.uservalidation.PasswordValidator" tests="4" skipped="0" failures="0" errors="0" timestamp="2021-05-30T04:56:11" hostname="DESKTOP-I19OHT9" time="0.024">
  <properties/>
  <testcase name="givenPassword_when1Numeric_returnTrue" classname="com.bridgelabz.uservalidation.PasswordValidator" time="0.009"/>
  <testcase name="givenPassword_whenExactly1SpecialCharacter_returnTrue" classname="com.bridgelabz.uservalidation.PasswordValidator" time="0.002"/>
  <testcase name="givenPassword_whenMinimum8Characters_returnTrue" classname="com.bridgelabz.uservalidation.PasswordValidator" time="0.005"/>
  <testcase name="givenPassword_when1UpperCase_returnTrue" classname="com.bridgelabz.uservalidation.PasswordValidator" time="0.002"/>
  <system-out><![CDATA[Password : faIz@378
Password : fa$Iz&@378
Password : faiZ@178
Password : faIZ@178
]]></system-out>
  <system-err><![CDATA[]]></system-err>
</testsuite>
