<?xml version="1.0" encoding="UTF-8"?>
<testsuite name="com.bridgelabz.uservalidation.EmailValidator" tests="1" skipped="0" failures="0" errors="0" timestamp="2021-05-31T17:59:54" hostname="DESKTOP-I19OHT9" time="0.032">
  <properties/>
  <testcase name="emailChecker[0]" classname="com.bridgelabz.uservalidation.EmailValidator" time="0.032"/>
  <system-out><![CDATA[email ids -->abc@yahoo.com
Happy
]]></system-out>
  <system-err><![CDATA[]]></system-err>
</testsuite>
