<?xml version="1.0" encoding="UTF-8"?>
<testsuite name="com.bridgelabz.uservalidation.UserRegistrationTest" tests="3" skipped="0" failures="0" errors="0" timestamp="2021-05-28T13:29:45" hostname="DESKTOP-I19OHT9" time="0.006">
  <properties/>
  <testcase name="givenFirst_whenInvalid_returnFalse" classname="com.bridgelabz.uservalidation.UserRegistrationTest" time="0.004"/>
  <testcase name="givenFirstName_whenProper_returnTrue" classname="com.bridgelabz.uservalidation.UserRegistrationTest" time="0.0"/>
  <testcase name="givenFirstName_whenShort_returnFalse" classname="com.bridgelabz.uservalidation.UserRegistrationTest" time="0.0"/>
  <system-out><![CDATA[]]></system-out>
  <system-err><![CDATA[]]></system-err>
</testsuite>
