<?xml version="1.0" encoding="UTF-8"?>
<testsuite name="com.bridgelabz.uservalidation.UserRegistrationTest" tests="7" skipped="0" failures="0" errors="0" timestamp="2021-05-31T17:59:55" hostname="DESKTOP-I19OHT9" time="0.056">
  <properties/>
  <testcase name="givenLastName_whenInvalid_returnFalse" classname="com.bridgelabz.uservalidation.UserRegistrationTest" time="0.003"/>
  <testcase name="givenLastName_whenShort_returnFalse" classname="com.bridgelabz.uservalidation.UserRegistrationTest" time="0.002"/>
  <testcase name="givenFirstName_whenProper_returnTrue" classname="com.bridgelabz.uservalidation.UserRegistrationTest" time="0.01"/>
  <testcase name="givenMobileNumber_whenValid_returnTrue" classname="com.bridgelabz.uservalidation.UserRegistrationTest" time="0.005"/>
  <testcase name="givenLastName_whenProper_returnTrue" classname="com.bridgelabz.uservalidation.UserRegistrationTest" time="0.004"/>
  <testcase name="givenFirstName_whenInvalid_returnFalse" classname="com.bridgelabz.uservalidation.UserRegistrationTest" time="0.009"/>
  <testcase name="givenFirstName_whenShort_returnFalse" classname="com.bridgelabz.uservalidation.UserRegistrationTest" time="0.005"/>
  <system-out><![CDATA[lastName : arbaz
Sad
lastName : Fa
Sad
firstName : Faizan
Happy
MobileNumber : 91 7775962642
Happy
lastName : Faizan
Happy
firstName : faizan
Sad
firstName : Fa
Sad
]]></system-out>
  <system-err><![CDATA[]]></system-err>
</testsuite>
