<?xml version="1.0" encoding="UTF-8"?>
<testsuite name="com.bridgelabz.uservalidation.UserRegistrationTest" tests="7" skipped="0" failures="0" errors="0" timestamp="2021-05-31T18:13:36" hostname="DESKTOP-I19OHT9" time="0.066">
  <properties/>
  <testcase name="givenLastName_whenInvalid_returnFalse" classname="com.bridgelabz.uservalidation.UserRegistrationTest" time="0.009"/>
  <testcase name="givenLastName_whenShort_returnFalse" classname="com.bridgelabz.uservalidation.UserRegistrationTest" time="0.019"/>
  <testcase name="givenFirstName_whenProper_returnTrue" classname="com.bridgelabz.uservalidation.UserRegistrationTest" time="0.006"/>
  <testcase name="givenMobileNumber_whenValid_returnTrue" classname="com.bridgelabz.uservalidation.UserRegistrationTest" time="0.009"/>
  <testcase name="givenLastName_whenProper_returnTrue" classname="com.bridgelabz.uservalidation.UserRegistrationTest" time="0.006"/>
  <testcase name="givenFirstName_whenInvalid_returnFalse" classname="com.bridgelabz.uservalidation.UserRegistrationTest" time="0.003"/>
  <testcase name="givenFirstName_whenShort_returnFalse" classname="com.bridgelabz.uservalidation.UserRegistrationTest" time="0.005"/>
  <system-out><![CDATA[lastName : arbaz
Sad
lastName : Fa
Sad
firstName : Faizan
Happy
MobileNumber : 91 7775962642
Happy
lastName : Faizan
Happy
firstName : faizan
Sad
firstName : Fa
Sad
]]></system-out>
  <system-err><![CDATA[]]></system-err>
</testsuite>
