<?xml version="1.0" encoding="UTF-8"?>
<testsuite name="com.bridgelabz.uservalidation.UserRegistrationTest" tests="14" skipped="0" failures="0" errors="0" timestamp="2021-06-02T18:46:05" hostname="DESKTOP-I19OHT9" time="0.045">
  <properties/>
  <testcase name="givenLastName_whenInvalid_returnFalse" classname="com.bridgelabz.uservalidation.UserRegistrationTest" time="0.004"/>
  <testcase name="givenFirstName_whenNull_shouldThrowInvalidMoodException" classname="com.bridgelabz.uservalidation.UserRegistrationTest" time="0.003"/>
  <testcase name="givenMobileNumber_whenNotProper_returnFalse" classname="com.bridgelabz.uservalidation.UserRegistrationTest" time="0.002"/>
  <testcase name="givenLastName_whenShort_returnFalse" classname="com.bridgelabz.uservalidation.UserRegistrationTest" time="0.001"/>
  <testcase name="givenMobileNumber_whenShort_returnFalse" classname="com.bridgelabz.uservalidation.UserRegistrationTest" time="0.001"/>
  <testcase name="givenFirstName_whenProper_returnTrue" classname="com.bridgelabz.uservalidation.UserRegistrationTest" time="0.002"/>
  <testcase name="givenMood_whenSad_returnHappy" classname="com.bridgelabz.uservalidation.UserRegistrationTest" time="0.002"/>
  <testcase name="givenMobileNumber_whenValid_returnTrue" classname="com.bridgelabz.uservalidation.UserRegistrationTest" time="0.001"/>
  <testcase name="givenMobileNumber_whenNull_shouldThrowInvalidMoodException" classname="com.bridgelabz.uservalidation.UserRegistrationTest" time="0.002"/>
  <testcase name="givenLastName_whenNull_shouldThrowInvalidMoodException" classname="com.bridgelabz.uservalidation.UserRegistrationTest" time="0.003"/>
  <testcase name="givenLastName_whenProper_returnTrue" classname="com.bridgelabz.uservalidation.UserRegistrationTest" time="0.002"/>
  <testcase name="givenFirstName_whenInvalid_returnFalse" classname="com.bridgelabz.uservalidation.UserRegistrationTest" time="0.001"/>
  <testcase name="givenFirstName_whenShort_returnFalse" classname="com.bridgelabz.uservalidation.UserRegistrationTest" time="0.002"/>
  <testcase name="givenMood_whenHappy_returnHappy" classname="com.bridgelabz.uservalidation.UserRegistrationTest" time="0.008"/>
  <system-out><![CDATA[lastName : arbaz
firstName : null
MobileNumber : 917775962645564
lastName : Fa
MobileNumber : 91 77759626
firstName : Shaikh
firstName : saikh
MobileNumber : 91 7775962642
MobileNumber : null
lastName : null
lastName : Faizan
firstName : faizan
firstName : Fa
firstName : Saikh
lastName : Faizan
MobileNumber : 91 7775962642
Password : faIz@378
]]></system-out>
  <system-err><![CDATA[]]></system-err>
</testsuite>
