<?xml version="1.0" encoding="UTF-8"?>
<testsuite name="com.bridgelabz.uservalidation.PasswordValidator" tests="1" skipped="0" failures="0" errors="0" timestamp="2021-05-29T14:31:25" hostname="DESKTOP-I19OHT9" time="0.005">
  <properties/>
  <testcase name="givenPassword_whenMinimum8Characters_returnTrue" classname="com.bridgelabz.uservalidation.PasswordValidator" time="0.005"/>
  <system-out><![CDATA[Password : faiz@a78
]]></system-out>
  <system-err><![CDATA[]]></system-err>
</testsuite>
